[2026-03-14 16:46:16] Starting backup: helix-2026-03-14-164616
[2026-03-14 16:46:16] Dumping PostgreSQL...
time="2026-03-14T16:46:16Z" level=warning msg="/home/helix/helix-mission-control/docker-compose.yml: the attribute `version` is obsolete, it will be ignored, please remove it to avoid potential confusion"
[2026-03-14 16:46:17]   Database dump: 192K
[2026-03-14 16:46:17] Backing up uploaded files...
time="2026-03-14T16:46:17Z" level=warning msg="/home/helix/helix-mission-control/docker-compose.yml: the attribute `version` is obsolete, it will be ignored, please remove it to avoid potential confusion"
 helix-backend Copying helix-backend:/data/uploads to /tmp/helix-backup-2026-03-14-164616/uploads
 helix-backend Copied helix-backend:/data/uploads to /tmp/helix-backup-2026-03-14-164616/uploads
[2026-03-14 16:46:17]   Uploads: 700K
[2026-03-14 16:46:17] Backing up OpenClaw workspaces...
[2026-03-14 16:46:17]   Workspaces: 332K
[2026-03-14 16:46:17] Backing up OpenClaw config...
[2026-03-14 16:46:17] Backing up config...
[2026-03-14 16:46:17] Recording migration version...
[2026-03-14 16:46:17] Compressing backup...
[2026-03-14 16:46:17] Backup complete: /home/helix/backups/helix-2026-03-14-164616.tar.gz (752K)
[2026-03-14 16:46:17] Cleaning old backups...
[2026-03-14 16:46:17] Retention: 1 backups, 756K total
[2026-03-14 16:48:03] Starting backup: helix-2026-03-14-164803
[2026-03-14 16:48:03] Dumping PostgreSQL...
time="2026-03-14T16:48:03Z" level=warning msg="/home/helix/helix-mission-control/docker-compose.yml: the attribute `version` is obsolete, it will be ignored, please remove it to avoid potential confusion"
[2026-03-14 16:48:03]   Database dump: 192K
[2026-03-14 16:48:03] Backing up uploaded files...
time="2026-03-14T16:48:03Z" level=warning msg="/home/helix/helix-mission-control/docker-compose.yml: the attribute `version` is obsolete, it will be ignored, please remove it to avoid potential confusion"
[?25l[0G[+] copy 1/1
 [32m✔[0m helix-backend [32mCopied[0m helix-backend:/data/uploads to /tmp/helix-backup-2026-03-14-164803/uploads                                                                                     [34m0.0s[0m
[?25h[2026-03-14 16:48:03]   Uploads: 700K
[2026-03-14 16:48:03] Backing up OpenClaw workspaces...
[2026-03-14 16:48:03]   Workspaces: 332K
[2026-03-14 16:48:03] Backing up OpenClaw config...
[2026-03-14 16:48:03] Backing up config...
[2026-03-14 16:48:03] Recording migration version...
[2026-03-14 16:48:03] Compressing backup...
[2026-03-14 16:48:03] Backup complete: /home/helix/backups/helix-2026-03-14-164803.tar.gz (752K)
[2026-03-14 16:48:03] Cleaning old backups...
[2026-03-14 16:48:03] Retention: 2 backups, 1.5M total
[2026-03-15 03:00:02] Starting backup: helix-2026-03-15-030002
[2026-03-15 03:00:02] Dumping PostgreSQL...
time="2026-03-15T03:00:02Z" level=warning msg="/home/helix/helix-mission-control/docker-compose.yml: the attribute `version` is obsolete, it will be ignored, please remove it to avoid potential confusion"
[2026-03-15 03:00:02]   Database dump: 196K
[2026-03-15 03:00:02] Backing up uploaded files...
time="2026-03-15T03:00:02Z" level=warning msg="/home/helix/helix-mission-control/docker-compose.yml: the attribute `version` is obsolete, it will be ignored, please remove it to avoid potential confusion"
 helix-backend Copying helix-backend:/data/uploads to /tmp/helix-backup-2026-03-15-030002/uploads
 helix-backend Copied helix-backend:/data/uploads to /tmp/helix-backup-2026-03-15-030002/uploads
[2026-03-15 03:00:02]   Uploads: 700K
[2026-03-15 03:00:02] Backing up OpenClaw workspaces...
[2026-03-15 03:00:02]   Workspaces: 332K
[2026-03-15 03:00:02] Backing up OpenClaw config...
[2026-03-15 03:00:03] Backing up config...
[2026-03-15 03:00:03] Recording migration version...
[2026-03-15 03:00:03] Compressing backup...
[2026-03-15 03:00:03] Backup complete: /home/helix/backups/helix-2026-03-15-030002.tar.gz (752K)
[2026-03-15 03:00:03] Cleaning old backups...
[2026-03-15 03:00:03] Retention: 3 backups, 2.3M total
[2026-03-16 03:00:01] Starting backup: helix-2026-03-16-030001
[2026-03-16 03:00:01] Dumping PostgreSQL...
time="2026-03-16T03:00:01Z" level=warning msg="/home/helix/helix-mission-control/docker-compose.yml: the attribute `version` is obsolete, it will be ignored, please remove it to avoid potential confusion"
[2026-03-16 03:00:01]   Database dump: 200K
[2026-03-16 03:00:01] Backing up uploaded files...
time="2026-03-16T03:00:02Z" level=warning msg="/home/helix/helix-mission-control/docker-compose.yml: the attribute `version` is obsolete, it will be ignored, please remove it to avoid potential confusion"
 helix-backend Copying helix-backend:/data/uploads to /tmp/helix-backup-2026-03-16-030001/uploads
 helix-backend Copied helix-backend:/data/uploads to /tmp/helix-backup-2026-03-16-030001/uploads
[2026-03-16 03:00:02]   Uploads: 700K
[2026-03-16 03:00:02] Backing up OpenClaw workspaces...
[2026-03-16 03:00:02]   Workspaces: 332K
[2026-03-16 03:00:02] Backing up OpenClaw config...
[2026-03-16 03:00:02] Backing up config...
[2026-03-16 03:00:02] Recording migration version...
[2026-03-16 03:00:02] Compressing backup...
[2026-03-16 03:00:02] Backup complete: /home/helix/backups/helix-2026-03-16-030001.tar.gz (756K)
[2026-03-16 03:00:02] Cleaning old backups...
[2026-03-16 03:00:02] Retention: 4 backups, 3.0M total
[2026-03-17 03:00:01] Starting backup: helix-2026-03-17-030001
[2026-03-17 03:00:01] Dumping PostgreSQL...
time="2026-03-17T03:00:01Z" level=warning msg="/home/helix/helix-mission-control/docker-compose.yml: the attribute `version` is obsolete, it will be ignored, please remove it to avoid potential confusion"
[2026-03-17 03:00:02]   Database dump: 208K
[2026-03-17 03:00:02] Backing up uploaded files...
time="2026-03-17T03:00:02Z" level=warning msg="/home/helix/helix-mission-control/docker-compose.yml: the attribute `version` is obsolete, it will be ignored, please remove it to avoid potential confusion"
 helix-backend Copying helix-backend:/data/uploads to /tmp/helix-backup-2026-03-17-030001/uploads
 helix-backend Copied helix-backend:/data/uploads to /tmp/helix-backup-2026-03-17-030001/uploads
[2026-03-17 03:00:02]   Uploads: 700K
[2026-03-17 03:00:02] Backing up OpenClaw workspaces...
[2026-03-17 03:00:02]   Workspaces: 332K
[2026-03-17 03:00:02] Backing up OpenClaw config...
[2026-03-17 03:00:02] Backing up config...
[2026-03-17 03:00:02] Recording migration version...
[2026-03-17 03:00:02] Compressing backup...
[2026-03-17 03:00:03] Backup complete: /home/helix/backups/helix-2026-03-17-030001.tar.gz (764K)
[2026-03-17 03:00:03] Cleaning old backups...
[2026-03-17 03:00:03] Retention: 5 backups, 3.7M total
[2026-03-18 03:00:01] Starting backup: helix-2026-03-18-030001
[2026-03-18 03:00:01] Dumping PostgreSQL...
time="2026-03-18T03:00:01Z" level=warning msg="/home/helix/helix-mission-control/docker-compose.yml: the attribute `version` is obsolete, it will be ignored, please remove it to avoid potential confusion"
[2026-03-18 03:00:02]   Database dump: 288K
[2026-03-18 03:00:02] Backing up uploaded files...
time="2026-03-18T03:00:02Z" level=warning msg="/home/helix/helix-mission-control/docker-compose.yml: the attribute `version` is obsolete, it will be ignored, please remove it to avoid potential confusion"
 helix-backend Copying helix-backend:/data/uploads to /tmp/helix-backup-2026-03-18-030001/uploads
 helix-backend Copied helix-backend:/data/uploads to /tmp/helix-backup-2026-03-18-030001/uploads
[2026-03-18 03:00:03]   Uploads: 700K
[2026-03-18 03:00:03] Backing up OpenClaw workspaces...
[2026-03-18 03:00:03]   Workspaces: 712K
[2026-03-18 03:00:03] Backing up OpenClaw config...
[2026-03-18 03:00:03] Backing up config...
[2026-03-18 03:00:03] Recording migration version...
[2026-03-18 03:00:03] Compressing backup...
[2026-03-18 03:00:03] Backup complete: /home/helix/backups/helix-2026-03-18-030001.tar.gz (852K)
[2026-03-18 03:00:03] Cleaning old backups...
[2026-03-18 03:00:03] Retention: 6 backups, 4.6M total
[2026-03-19 03:00:01] Starting backup: helix-2026-03-19-030001
[2026-03-19 03:00:01] Dumping PostgreSQL...
time="2026-03-19T03:00:01Z" level=warning msg="/home/helix/helix-mission-control/docker-compose.yml: the attribute `version` is obsolete, it will be ignored, please remove it to avoid potential confusion"
[2026-03-19 03:00:01]   Database dump: 308K
[2026-03-19 03:00:01] Backing up uploaded files...
time="2026-03-19T03:00:02Z" level=warning msg="/home/helix/helix-mission-control/docker-compose.yml: the attribute `version` is obsolete, it will be ignored, please remove it to avoid potential confusion"
 helix-backend Copying helix-backend:/data/uploads to /tmp/helix-backup-2026-03-19-030001/uploads
 helix-backend Copied helix-backend:/data/uploads to /tmp/helix-backup-2026-03-19-030001/uploads
[2026-03-19 03:00:02]   Uploads: 700K
[2026-03-19 03:00:02] Backing up OpenClaw workspaces...
[2026-03-19 03:00:02]   Workspaces: 712K
[2026-03-19 03:00:02] Backing up OpenClaw config...
[2026-03-19 03:00:02] Backing up config...
[2026-03-19 03:00:02] Recording migration version...
[2026-03-19 03:00:02] Compressing backup...
[2026-03-19 03:00:02] Backup complete: /home/helix/backups/helix-2026-03-19-030001.tar.gz (860K)
[2026-03-19 03:00:02] Cleaning old backups...
[2026-03-19 03:00:02] Retention: 7 backups, 5.4M total
